2014/06/03 22:26:21 [error] [exception.CHttpException.404] exception 'CHttpException' with message 'Unable to resolve the request "gii".' in E:\XAMP\htdocs\yii_apps\dziennik_ucznia\yii\framework\web\CWebApplication.php:286
Stack trace:
#0 E:\XAMP\htdocs\yii_apps\dziennik_ucznia\yii\framework\web\CWebApplication.php(141): CWebApplication->runController('gii')
#1 E:\XAMP\htdocs\yii_apps\dziennik_ucznia\yii\framework\base\CApplication.php(180): CWebApplication->processRequest()
#2 E:\XAMP\htdocs\yii_apps\dziennik_ucznia\page\index.php(13): CApplication->run()
#3 {main}
REQUEST_URI=/yii_apps/dziennik_ucznia/page/index.php?r=gii
---
2014/06/07 17:08:10 [error] [exception.CHttpException.404] exception 'CHttpException' with message 'Unable to resolve the request "sample".' in E:\XAMP\htdocs\yii_apps\dziennik_ucznia\yii\framework\web\CWebApplication.php:286
Stack trace:
#0 E:\XAMP\htdocs\yii_apps\dziennik_ucznia\yii\framework\web\CWebApplication.php(141): CWebApplication->runController('sample')
#1 E:\XAMP\htdocs\yii_apps\dziennik_ucznia\yii\framework\base\CApplication.php(180): CWebApplication->processRequest()
#2 E:\XAMP\htdocs\yii_apps\dziennik_ucznia\page\index.php(13): CApplication->run()
#3 {main}
REQUEST_URI=/yii_apps/dziennik_ucznia/page/index.php?r=sample
---
2014/06/07 17:18:17 [error] [exception.CException] exception 'CException' with message 'SiteController cannot find the requested view "logowanie".' in E:\XAMP\htdocs\yii_apps\dziennik_ucznia\yii\framework\web\CController.php:878
Stack trace:
#0 E:\XAMP\htdocs\yii_apps\dziennik_ucznia\yii\framework\web\CController.php(782): CController->renderPartial('logowanie', NULL, true)
#1 E:\XAMP\htdocs\yii_apps\dziennik_ucznia\page\protected\controllers\SiteController.php(32): CController->render('logowanie')
#2 E:\XAMP\htdocs\yii_apps\dziennik_ucznia\yii\framework\web\actions\CInlineAction.php(49): SiteController->actionIndex()
#3 E:\XAMP\htdocs\yii_apps\dziennik_ucznia\yii\framework\web\CController.php(308): CInlineAction->runWithParams(Array)
#4 E:\XAMP\htdocs\yii_apps\dziennik_ucznia\yii\framework\web\CController.php(286): CController->runAction(Object(CInlineAction))
#5 E:\XAMP\htdocs\yii_apps\dziennik_ucznia\yii\framework\web\CController.php(265): CController->runActionWithFilters(Object(CInlineAction), Array)
#6 E:\XAMP\htdocs\yii_apps\dziennik_ucznia\yii\framework\web\CWebApplication.php(282): CController->run('')
#7 E:\XAMP\htdocs\yii_apps\dziennik_ucznia\yii\framework\web\CWebApplication.php(141): CWebApplication->runController('')
#8 E:\XAMP\htdocs\yii_apps\dziennik_ucznia\yii\framework\base\CApplication.php(180): CWebApplication->processRequest()
#9 E:\XAMP\htdocs\yii_apps\dziennik_ucznia\page\index.php(13): CApplication->run()
#10 {main}
REQUEST_URI=/yii_apps/dziennik_ucznia/page/
---
2014/06/07 22:41:14 [error] [php] Undefined variable: model (E:\XAMP\htdocs\yii_apps\dziennik_ucznia\page\protected\views\site\login.php:28)
Stack trace:
#0 E:\XAMP\htdocs\yii_apps\dziennik_ucznia\yii\framework\web\CController.php(869): SiteController->renderFile()
#1 E:\XAMP\htdocs\yii_apps\dziennik_ucznia\yii\framework\web\CController.php(782): SiteController->renderPartial()
#2 E:\XAMP\htdocs\yii_apps\dziennik_ucznia\page\protected\controllers\SiteController.php(32): SiteController->render()
#3 E:\XAMP\htdocs\yii_apps\dziennik_ucznia\yii\framework\web\actions\CInlineAction.php(49): SiteController->actionIndex()
#4 E:\XAMP\htdocs\yii_apps\dziennik_ucznia\yii\framework\web\CController.php(308): CInlineAction->runWithParams()
#5 E:\XAMP\htdocs\yii_apps\dziennik_ucznia\yii\framework\web\CController.php(286): SiteController->runAction()
#6 E:\XAMP\htdocs\yii_apps\dziennik_ucznia\yii\framework\web\CController.php(265): SiteController->runActionWithFilters()
#7 E:\XAMP\htdocs\yii_apps\dziennik_ucznia\yii\framework\web\CWebApplication.php(282): SiteController->run()
#8 E:\XAMP\htdocs\yii_apps\dziennik_ucznia\yii\framework\web\CWebApplication.php(141): CWebApplication->runController()
#9 E:\XAMP\htdocs\yii_apps\dziennik_ucznia\yii\framework\base\CApplication.php(180): CWebApplication->processRequest()
#10 E:\XAMP\htdocs\yii_apps\dziennik_ucznia\page\index.php(13): CWebApplication->run()
REQUEST_URI=/yii_apps/dziennik_ucznia/page/index.php?r=site/index
in E:\XAMP\htdocs\yii_apps\dziennik_ucznia\page\protected\views\site\login.php (28)
in E:\XAMP\htdocs\yii_apps\dziennik_ucznia\page\protected\controllers\SiteController.php (32)
in E:\XAMP\htdocs\yii_apps\dziennik_ucznia\page\index.php (13)
2014/06/07 23:21:55 [error] [php] Illegal string offset 'type' (E:\XAMP\htdocs\yii_apps\dziennik_ucznia\yii\framework\web\helpers\CHtml.php:499)
Stack trace:
#0 E:\XAMP\htdocs\yii_apps\dziennik_ucznia\yii\framework\web\CBaseController.php(95): SiteController->renderInternal()
#1 E:\XAMP\htdocs\yii_apps\dziennik_ucznia\yii\framework\web\CController.php(869): SiteController->renderFile()
#2 E:\XAMP\htdocs\yii_apps\dziennik_ucznia\yii\framework\web\CController.php(782): SiteController->renderPartial()
#3 E:\XAMP\htdocs\yii_apps\dziennik_ucznia\page\protected\controllers\SiteController.php(121): SiteController->render()
#4 E:\XAMP\htdocs\yii_apps\dziennik_ucznia\yii\framework\web\actions\CInlineAction.php(49): SiteController->actionLogin()
#5 E:\XAMP\htdocs\yii_apps\dziennik_ucznia\yii\framework\web\CController.php(308): CInlineAction->runWithParams()
#6 E:\XAMP\htdocs\yii_apps\dziennik_ucznia\yii\framework\web\CController.php(286): SiteController->runAction()
#7 E:\XAMP\htdocs\yii_apps\dziennik_ucznia\yii\framework\web\CController.php(265): SiteController->runActionWithFilters()
#8 E:\XAMP\htdocs\yii_apps\dziennik_ucznia\yii\framework\web\CWebApplication.php(282): SiteController->run()
#9 E:\XAMP\htdocs\yii_apps\dziennik_ucznia\yii\framework\web\CWebApplication.php(141): CWebApplication->runController()
#10 E:\XAMP\htdocs\yii_apps\dziennik_ucznia\yii\framework\base\CApplication.php(180): CWebApplication->processRequest()
#11 E:\XAMP\htdocs\yii_apps\dziennik_ucznia\page\index.php(13): CWebApplication->run()
REQUEST_URI=/yii_apps/dziennik_ucznia/page/index.php?r=site/login
in E:\XAMP\htdocs\yii_apps\dziennik_ucznia\page\protected\views\site\login.php (49)
in E:\XAMP\htdocs\yii_apps\dziennik_ucznia\page\protected\controllers\SiteController.php (121)
in E:\XAMP\htdocs\yii_apps\dziennik_ucznia\page\index.php (13)
2014/06/07 23:23:54 [error] [php] Illegal string offset 'type' (E:\XAMP\htdocs\yii_apps\dziennik_ucznia\yii\framework\web\helpers\CHtml.php:499)
Stack trace:
#0 E:\XAMP\htdocs\yii_apps\dziennik_ucznia\yii\framework\web\CBaseController.php(95): SiteController->renderInternal()
#1 E:\XAMP\htdocs\yii_apps\dziennik_ucznia\yii\framework\web\CController.php(869): SiteController->renderFile()
#2 E:\XAMP\htdocs\yii_apps\dziennik_ucznia\yii\framework\web\CController.php(782): SiteController->renderPartial()
#3 E:\XAMP\htdocs\yii_apps\dziennik_ucznia\page\protected\controllers\SiteController.php(121): SiteController->render()
#4 E:\XAMP\htdocs\yii_apps\dziennik_ucznia\yii\framework\web\actions\CInlineAction.php(49): SiteController->actionLogin()
#5 E:\XAMP\htdocs\yii_apps\dziennik_ucznia\yii\framework\web\CController.php(308): CInlineAction->runWithParams()
#6 E:\XAMP\htdocs\yii_apps\dziennik_ucznia\yii\framework\web\CController.php(286): SiteController->runAction()
#7 E:\XAMP\htdocs\yii_apps\dziennik_ucznia\yii\framework\web\CController.php(265): SiteController->runActionWithFilters()
#8 E:\XAMP\htdocs\yii_apps\dziennik_ucznia\yii\framework\web\CWebApplication.php(282): SiteController->run()
#9 E:\XAMP\htdocs\yii_apps\dziennik_ucznia\yii\framework\web\CWebApplication.php(141): CWebApplication->runController()
#10 E:\XAMP\htdocs\yii_apps\dziennik_ucznia\yii\framework\base\CApplication.php(180): CWebApplication->processRequest()
#11 E:\XAMP\htdocs\yii_apps\dziennik_ucznia\page\index.php(13): CWebApplication->run()
REQUEST_URI=/yii_apps/dziennik_ucznia/page/index.php?r=site/login
in E:\XAMP\htdocs\yii_apps\dziennik_ucznia\page\protected\views\site\login.php (49)
in E:\XAMP\htdocs\yii_apps\dziennik_ucznia\page\protected\controllers\SiteController.php (121)
in E:\XAMP\htdocs\yii_apps\dziennik_ucznia\page\index.php (13)
2014/06/07 23:23:55 [error] [php] Illegal string offset 'type' (E:\XAMP\htdocs\yii_apps\dziennik_ucznia\yii\framework\web\helpers\CHtml.php:499)
Stack trace:
#0 E:\XAMP\htdocs\yii_apps\dziennik_ucznia\yii\framework\web\CBaseController.php(95): SiteController->renderInternal()
#1 E:\XAMP\htdocs\yii_apps\dziennik_ucznia\yii\framework\web\CController.php(869): SiteController->renderFile()
#2 E:\XAMP\htdocs\yii_apps\dziennik_ucznia\yii\framework\web\CController.php(782): SiteController->renderPartial()
#3 E:\XAMP\htdocs\yii_apps\dziennik_ucznia\page\protected\controllers\SiteController.php(121): SiteController->render()
#4 E:\XAMP\htdocs\yii_apps\dziennik_ucznia\yii\framework\web\actions\CInlineAction.php(49): SiteController->actionLogin()
#5 E:\XAMP\htdocs\yii_apps\dziennik_ucznia\yii\framework\web\CController.php(308): CInlineAction->runWithParams()
#6 E:\XAMP\htdocs\yii_apps\dziennik_ucznia\yii\framework\web\CController.php(286): SiteController->runAction()
#7 E:\XAMP\htdocs\yii_apps\dziennik_ucznia\yii\framework\web\CController.php(265): SiteController->runActionWithFilters()
#8 E:\XAMP\htdocs\yii_apps\dziennik_ucznia\yii\framework\web\CWebApplication.php(282): SiteController->run()
#9 E:\XAMP\htdocs\yii_apps\dziennik_ucznia\yii\framework\web\CWebApplication.php(141): CWebApplication->runController()
#10 E:\XAMP\htdocs\yii_apps\dziennik_ucznia\yii\framework\base\CApplication.php(180): CWebApplication->processRequest()
#11 E:\XAMP\htdocs\yii_apps\dziennik_ucznia\page\index.php(13): CWebApplication->run()
REQUEST_URI=/yii_apps/dziennik_ucznia/page/index.php?r=site/login
in E:\XAMP\htdocs\yii_apps\dziennik_ucznia\page\protected\views\site\login.php (49)
in E:\XAMP\htdocs\yii_apps\dziennik_ucznia\page\protected\controllers\SiteController.php (121)
in E:\XAMP\htdocs\yii_apps\dziennik_ucznia\page\index.php (13)
2014/06/08 01:31:25 [error] [php] Array to string conversion (E:\XAMP\htdocs\yii_apps\dziennik_ucznia\yii\framework\zii\widgets\CMenu.php:209)
Stack trace:
#0 E:\XAMP\htdocs\yii_apps\dziennik_ucznia\yii\framework\zii\widgets\CMenu.php(167): CMenu->renderMenu()
#1 E:\XAMP\htdocs\yii_apps\dziennik_ucznia\yii\framework\web\CBaseController.php(173): CMenu->run()
#2 E:\XAMP\htdocs\yii_apps\dziennik_ucznia\page\protected\views\layouts\main.php(48): SiteController->widget()
#3 E:\XAMP\htdocs\yii_apps\dziennik_ucznia\yii\framework\web\CBaseController.php(126): require()
#4 E:\XAMP\htdocs\yii_apps\dziennik_ucznia\yii\framework\web\CBaseController.php(95): SiteController->renderInternal()
#5 E:\XAMP\htdocs\yii_apps\dziennik_ucznia\yii\framework\web\widgets\CContentDecorator.php(76): SiteController->renderFile()
#6 E:\XAMP\htdocs\yii_apps\dziennik_ucznia\yii\framework\web\widgets\CContentDecorator.php(54): CContentDecorator->decorate()
#7 E:\XAMP\htdocs\yii_apps\dziennik_ucznia\yii\framework\web\widgets\COutputProcessor.php(44): CContentDecorator->processOutput()
#8 E:\XAMP\htdocs\yii_apps\dziennik_ucznia\yii\framework\web\CBaseController.php(206): CContentDecorator->run()
#9 E:\XAMP\htdocs\yii_apps\dziennik_ucznia\yii\framework\web\CBaseController.php(300): SiteController->endWidget()
#10 E:\XAMP\htdocs\yii_apps\dziennik_ucznia\page\protected\views\layouts\column1.php(6): SiteController->endContent()
#11 E:\XAMP\htdocs\yii_apps\dziennik_ucznia\yii\framework\web\CBaseController.php(126): require()
#12 E:\XAMP\htdocs\yii_apps\dziennik_ucznia\yii\framework\web\CBaseController.php(95): SiteController->renderInternal()
#13 E:\XAMP\htdocs\yii_apps\dziennik_ucznia\yii\framework\web\CController.php(784): SiteController->renderFile()
#14 E:\XAMP\htdocs\yii_apps\dziennik_ucznia\page\protected\controllers\SiteController.php(49): SiteController->render()
#15 E:\XAMP\htdocs\yii_apps\dziennik_ucznia\yii\framework\web\actions\CInlineAction.php(49): SiteController->actionIndex()
#16 E:\XAMP\htdocs\yii_apps\dziennik_ucznia\yii\framework\web\CController.php(308): CInlineAction->runWithParams()
#17 E:\XAMP\htdocs\yii_apps\dziennik_ucznia\yii\framework\web\CController.php(286): SiteController->runAction()
#18 E:\XAMP\htdocs\yii_apps\dziennik_ucznia\yii\framework\web\CController.php(265): SiteController->runActionWithFilters()
#19 E:\XAMP\htdocs\yii_apps\dziennik_ucznia\yii\framework\web\CWebApplication.php(282): SiteController->run()
#20 E:\XAMP\htdocs\yii_apps\dziennik_ucznia\yii\framework\web\CWebApplication.php(141): CWebApplication->runController()
#21 E:\XAMP\htdocs\yii_apps\dziennik_ucznia\yii\framework\base\CApplication.php(180): CWebApplication->processRequest()
#22 E:\XAMP\htdocs\yii_apps\dziennik_ucznia\page\index.php(13): CWebApplication->run()
REQUEST_URI=/yii_apps/dziennik_ucznia/page/index.php?r=site/index
in E:\XAMP\htdocs\yii_apps\dziennik_ucznia\page\protected\views\layouts\main.php (48)
in E:\XAMP\htdocs\yii_apps\dziennik_ucznia\page\protected\views\layouts\column1.php (6)
in E:\XAMP\htdocs\yii_apps\dziennik_ucznia\page\protected\controllers\SiteController.php (49)
2014/06/08 09:33:11 [error] [exception.CException] exception 'CException' with message 'Property "CActiveForm.0" is not defined.' in E:\XAMP\htdocs\yii_apps\dziennik_ucznia\yii\framework\base\CComponent.php:173
Stack trace:
#0 E:\XAMP\htdocs\yii_apps\dziennik_ucznia\yii\framework\web\CWidgetFactory.php(161): CComponent->__set('0', Array)
#1 E:\XAMP\htdocs\yii_apps\dziennik_ucznia\yii\framework\web\CBaseController.php(146): CWidgetFactory->createWidget(Object(SiteController), 'CActiveForm', Array)
#2 E:\XAMP\htdocs\yii_apps\dziennik_ucznia\yii\framework\web\CBaseController.php(189): CBaseController->createWidget('CActiveForm', Array)
#3 E:\XAMP\htdocs\yii_apps\dziennik_ucznia\page\protected\views\site\login.php(28): CBaseController->beginWidget('CActiveForm', Array)
#4 E:\XAMP\htdocs\yii_apps\dziennik_ucznia\yii\framework\web\CBaseController.php(126): require('E:\XAMP\htdocs\...')
#5 E:\XAMP\htdocs\yii_apps\dziennik_ucznia\yii\framework\web\CBaseController.php(95): CBaseController->renderInternal('E:\XAMP\htdocs\...', Array, true)
#6 E:\XAMP\htdocs\yii_apps\dziennik_ucznia\yii\framework\web\CController.php(869): CBaseController->renderFile('E:\XAMP\htdocs\...', Array, true)
#7 E:\XAMP\htdocs\yii_apps\dziennik_ucznia\yii\framework\web\CController.php(782): CController->renderPartial('login', Array, true)
#8 E:\XAMP\htdocs\yii_apps\dziennik_ucznia\page\protected\controllers\SiteController.php(122): CController->render('login', Array)
#9 E:\XAMP\htdocs\yii_apps\dziennik_ucznia\yii\framework\web\actions\CInlineAction.php(49): SiteController->actionLogin()
#10 E:\XAMP\htdocs\yii_apps\dziennik_ucznia\yii\framework\web\CController.php(308): CInlineAction->runWithParams(Array)
#11 E:\XAMP\htdocs\yii_apps\dziennik_ucznia\yii\framework\web\CController.php(286): CController->runAction(Object(CInlineAction))
#12 E:\XAMP\htdocs\yii_apps\dziennik_ucznia\yii\framework\web\CController.php(265): CController->runActionWithFilters(Object(CInlineAction), Array)
#13 E:\XAMP\htdocs\yii_apps\dziennik_ucznia\yii\framework\web\CWebApplication.php(282): CController->run('login')
#14 E:\XAMP\htdocs\yii_apps\dziennik_ucznia\yii\framework\web\CWebApplication.php(141): CWebApplication->runController('site/login')
#15 E:\XAMP\htdocs\yii_apps\dziennik_ucznia\yii\framework\base\CApplication.php(180): CWebApplication->processRequest()
#16 E:\XAMP\htdocs\yii_apps\dziennik_ucznia\page\index.php(13): CApplication->run()
#17 {main}
REQUEST_URI=/yii_apps/dziennik_ucznia/page/index.php?r=site/login
HTTP_REFERER=http://localhost/yii_apps/dziennik_ucznia/page/index.php?r=site/index
---
2014/06/08 09:33:45 [error] [exception.CException] exception 'CException' with message 'Property "CActiveForm.0" is not defined.' in E:\XAMP\htdocs\yii_apps\dziennik_ucznia\yii\framework\base\CComponent.php:173
Stack trace:
#0 E:\XAMP\htdocs\yii_apps\dziennik_ucznia\yii\framework\web\CWidgetFactory.php(161): CComponent->__set('0', Array)
#1 E:\XAMP\htdocs\yii_apps\dziennik_ucznia\yii\framework\web\CBaseController.php(146): CWidgetFactory->createWidget(Object(SiteController), 'CActiveForm', Array)
#2 E:\XAMP\htdocs\yii_apps\dziennik_ucznia\yii\framework\web\CBaseController.php(189): CBaseController->createWidget('CActiveForm', Array)
#3 E:\XAMP\htdocs\yii_apps\dziennik_ucznia\page\protected\views\site\login.php(28): CBaseController->beginWidget('CActiveForm', Array)
#4 E:\XAMP\htdocs\yii_apps\dziennik_ucznia\yii\framework\web\CBaseController.php(126): require('E:\XAMP\htdocs\...')
#5 E:\XAMP\htdocs\yii_apps\dziennik_ucznia\yii\framework\web\CBaseController.php(95): CBaseController->renderInternal('E:\XAMP\htdocs\...', Array, true)
#6 E:\XAMP\htdocs\yii_apps\dziennik_ucznia\yii\framework\web\CController.php(869): CBaseController->renderFile('E:\XAMP\htdocs\...', Array, true)
#7 E:\XAMP\htdocs\yii_apps\dziennik_ucznia\yii\framework\web\CController.php(782): CController->renderPartial('login', Array, true)
#8 E:\XAMP\htdocs\yii_apps\dziennik_ucznia\page\protected\controllers\SiteController.php(122): CController->render('login', Array)
#9 E:\XAMP\htdocs\yii_apps\dziennik_ucznia\yii\framework\web\actions\CInlineAction.php(49): SiteController->actionLogin()
#10 E:\XAMP\htdocs\yii_apps\dziennik_ucznia\yii\framework\web\CController.php(308): CInlineAction->runWithParams(Array)
#11 E:\XAMP\htdocs\yii_apps\dziennik_ucznia\yii\framework\web\CController.php(286): CController->runAction(Object(CInlineAction))
#12 E:\XAMP\htdocs\yii_apps\dziennik_ucznia\yii\framework\web\CController.php(265): CController->runActionWithFilters(Object(CInlineAction), Array)
#13 E:\XAMP\htdocs\yii_apps\dziennik_ucznia\yii\framework\web\CWebApplication.php(282): CController->run('login')
#14 E:\XAMP\htdocs\yii_apps\dziennik_ucznia\yii\framework\web\CWebApplication.php(141): CWebApplication->runController('site/login')
#15 E:\XAMP\htdocs\yii_apps\dziennik_ucznia\yii\framework\base\CApplication.php(180): CWebApplication->processRequest()
#16 E:\XAMP\htdocs\yii_apps\dziennik_ucznia\page\index.php(13): CApplication->run()
#17 {main}
REQUEST_URI=/yii_apps/dziennik_ucznia/page/index.php?r=site/login
HTTP_REFERER=http://localhost/yii_apps/dziennik_ucznia/page/index.php?r=site/index
---
2014/06/08 09:33:46 [error] [exception.CException] exception 'CException' with message 'Property "CActiveForm.0" is not defined.' in E:\XAMP\htdocs\yii_apps\dziennik_ucznia\yii\framework\base\CComponent.php:173
Stack trace:
#0 E:\XAMP\htdocs\yii_apps\dziennik_ucznia\yii\framework\web\CWidgetFactory.php(161): CComponent->__set('0', Array)
#1 E:\XAMP\htdocs\yii_apps\dziennik_ucznia\yii\framework\web\CBaseController.php(146): CWidgetFactory->createWidget(Object(SiteController), 'CActiveForm', Array)
#2 E:\XAMP\htdocs\yii_apps\dziennik_ucznia\yii\framework\web\CBaseController.php(189): CBaseController->createWidget('CActiveForm', Array)
#3 E:\XAMP\htdocs\yii_apps\dziennik_ucznia\page\protected\views\site\login.php(28): CBaseController->beginWidget('CActiveForm', Array)
#4 E:\XAMP\htdocs\yii_apps\dziennik_ucznia\yii\framework\web\CBaseController.php(126): require('E:\XAMP\htdocs\...')
#5 E:\XAMP\htdocs\yii_apps\dziennik_ucznia\yii\framework\web\CBaseController.php(95): CBaseController->renderInternal('E:\XAMP\htdocs\...', Array, true)
#6 E:\XAMP\htdocs\yii_apps\dziennik_ucznia\yii\framework\web\CController.php(869): CBaseController->renderFile('E:\XAMP\htdocs\...', Array, true)
#7 E:\XAMP\htdocs\yii_apps\dziennik_ucznia\yii\framework\web\CController.php(782): CController->renderPartial('login', Array, true)
#8 E:\XAMP\htdocs\yii_apps\dziennik_ucznia\page\protected\controllers\SiteController.php(122): CController->render('login', Array)
#9 E:\XAMP\htdocs\yii_apps\dziennik_ucznia\yii\framework\web\actions\CInlineAction.php(49): SiteController->actionLogin()
#10 E:\XAMP\htdocs\yii_apps\dziennik_ucznia\yii\framework\web\CController.php(308): CInlineAction->runWithParams(Array)
#11 E:\XAMP\htdocs\yii_apps\dziennik_ucznia\yii\framework\web\CController.php(286): CController->runAction(Object(CInlineAction))
#12 E:\XAMP\htdocs\yii_apps\dziennik_ucznia\yii\framework\web\CController.php(265): CController->runActionWithFilters(Object(CInlineAction), Array)
#13 E:\XAMP\htdocs\yii_apps\dziennik_ucznia\yii\framework\web\CWebApplication.php(282): CController->run('login')
#14 E:\XAMP\htdocs\yii_apps\dziennik_ucznia\yii\framework\web\CWebApplication.php(141): CWebApplication->runController('site/login')
#15 E:\XAMP\htdocs\yii_apps\dziennik_ucznia\yii\framework\base\CApplication.php(180): CWebApplication->processRequest()
#16 E:\XAMP\htdocs\yii_apps\dziennik_ucznia\page\index.php(13): CApplication->run()
#17 {main}
REQUEST_URI=/yii_apps/dziennik_ucznia/page/index.php?r=site/login
---
2014/06/08 09:34:53 [error] [exception.CException] exception 'CException' with message 'CWebUser and its behaviors do not have a method or closure named "isGuest".' in E:\XAMP\htdocs\yii_apps\dziennik_ucznia\yii\framework\base\CComponent.php:266
Stack trace:
#0 E:\XAMP\htdocs\yii_apps\dziennik_ucznia\page\protected\views\site\login.php(27): CComponent->__call('isGuest', Array)
#1 E:\XAMP\htdocs\yii_apps\dziennik_ucznia\page\protected\views\site\login.php(27): CWebUser->isGuest()
#2 E:\XAMP\htdocs\yii_apps\dziennik_ucznia\yii\framework\web\CBaseController.php(126): require('E:\XAMP\htdocs\...')
#3 E:\XAMP\htdocs\yii_apps\dziennik_ucznia\yii\framework\web\CBaseController.php(95): CBaseController->renderInternal('E:\XAMP\htdocs\...', Array, true)
#4 E:\XAMP\htdocs\yii_apps\dziennik_ucznia\yii\framework\web\CController.php(869): CBaseController->renderFile('E:\XAMP\htdocs\...', Array, true)
#5 E:\XAMP\htdocs\yii_apps\dziennik_ucznia\yii\framework\web\CController.php(782): CController->renderPartial('login', Array, true)
#6 E:\XAMP\htdocs\yii_apps\dziennik_ucznia\page\protected\controllers\SiteController.php(122): CController->render('login', Array)
#7 E:\XAMP\htdocs\yii_apps\dziennik_ucznia\yii\framework\web\actions\CInlineAction.php(49): SiteController->actionLogin()
#8 E:\XAMP\htdocs\yii_apps\dziennik_ucznia\yii\framework\web\CController.php(308): CInlineAction->runWithParams(Array)
#9 E:\XAMP\htdocs\yii_apps\dziennik_ucznia\yii\framework\web\CController.php(286): CController->runAction(Object(CInlineAction))
#10 E:\XAMP\htdocs\yii_apps\dziennik_ucznia\yii\framework\web\CController.php(265): CController->runActionWithFilters(Object(CInlineAction), Array)
#11 E:\XAMP\htdocs\yii_apps\dziennik_ucznia\yii\framework\web\CWebApplication.php(282): CController->run('login')
#12 E:\XAMP\htdocs\yii_apps\dziennik_ucznia\yii\framework\web\CWebApplication.php(141): CWebApplication->runController('site/login')
#13 E:\XAMP\htdocs\yii_apps\dziennik_ucznia\yii\framework\base\CApplication.php(180): CWebApplication->processRequest()
#14 E:\XAMP\htdocs\yii_apps\dziennik_ucznia\page\index.php(13): CApplication->run()
#15 {main}
REQUEST_URI=/yii_apps/dziennik_ucznia/page/index.php?r=site/login
---
2014/06/08 09:35:06 [error] [exception.CException] exception 'CException' with message 'Property "CActiveForm.visible" is not defined.' in E:\XAMP\htdocs\yii_apps\dziennik_ucznia\yii\framework\base\CComponent.php:173
Stack trace:
#0 E:\XAMP\htdocs\yii_apps\dziennik_ucznia\yii\framework\web\CWidgetFactory.php(161): CComponent->__set('visible', true)
#1 E:\XAMP\htdocs\yii_apps\dziennik_ucznia\yii\framework\web\CBaseController.php(146): CWidgetFactory->createWidget(Object(SiteController), 'CActiveForm', Array)
#2 E:\XAMP\htdocs\yii_apps\dziennik_ucznia\yii\framework\web\CBaseController.php(189): CBaseController->createWidget('CActiveForm', Array)
#3 E:\XAMP\htdocs\yii_apps\dziennik_ucznia\page\protected\views\site\login.php(28): CBaseController->beginWidget('CActiveForm', Array)
#4 E:\XAMP\htdocs\yii_apps\dziennik_ucznia\yii\framework\web\CBaseController.php(126): require('E:\XAMP\htdocs\...')
#5 E:\XAMP\htdocs\yii_apps\dziennik_ucznia\yii\framework\web\CBaseController.php(95): CBaseController->renderInternal('E:\XAMP\htdocs\...', Array, true)
#6 E:\XAMP\htdocs\yii_apps\dziennik_ucznia\yii\framework\web\CController.php(869): CBaseController->renderFile('E:\XAMP\htdocs\...', Array, true)
#7 E:\XAMP\htdocs\yii_apps\dziennik_ucznia\yii\framework\web\CController.php(782): CController->renderPartial('login', Array, true)
#8 E:\XAMP\htdocs\yii_apps\dziennik_ucznia\page\protected\controllers\SiteController.php(122): CController->render('login', Array)
#9 E:\XAMP\htdocs\yii_apps\dziennik_ucznia\yii\framework\web\actions\CInlineAction.php(49): SiteController->actionLogin()
#10 E:\XAMP\htdocs\yii_apps\dziennik_ucznia\yii\framework\web\CController.php(308): CInlineAction->runWithParams(Array)
#11 E:\XAMP\htdocs\yii_apps\dziennik_ucznia\yii\framework\web\CController.php(286): CController->runAction(Object(CInlineAction))
#12 E:\XAMP\htdocs\yii_apps\dziennik_ucznia\yii\framework\web\CController.php(265): CController->runActionWithFilters(Object(CInlineAction), Array)
#13 E:\XAMP\htdocs\yii_apps\dziennik_ucznia\yii\framework\web\CWebApplication.php(282): CController->run('login')
#14 E:\XAMP\htdocs\yii_apps\dziennik_ucznia\yii\framework\web\CWebApplication.php(141): CWebApplication->runController('site/login')
#15 E:\XAMP\htdocs\yii_apps\dziennik_ucznia\yii\framework\base\CApplication.php(180): CWebApplication->processRequest()
#16 E:\XAMP\htdocs\yii_apps\dziennik_ucznia\page\index.php(13): CApplication->run()
#17 {main}
REQUEST_URI=/yii_apps/dziennik_ucznia/page/index.php?r=site/login
---
2014/06/08 09:41:10 [error] [exception.CException] exception 'CException' with message 'Property "CActiveForm.visible" is not defined.' in E:\XAMP\htdocs\yii_apps\dziennik_ucznia\yii\framework\base\CComponent.php:173
Stack trace:
#0 E:\XAMP\htdocs\yii_apps\dziennik_ucznia\yii\framework\web\CWidgetFactory.php(161): CComponent->__set('visible', 1)
#1 E:\XAMP\htdocs\yii_apps\dziennik_ucznia\yii\framework\web\CBaseController.php(146): CWidgetFactory->createWidget(Object(SiteController), 'CActiveForm', Array)
#2 E:\XAMP\htdocs\yii_apps\dziennik_ucznia\yii\framework\web\CBaseController.php(189): CBaseController->createWidget('CActiveForm', Array)
#3 E:\XAMP\htdocs\yii_apps\dziennik_ucznia\page\protected\views\site\login.php(28): CBaseController->beginWidget('CActiveForm', Array)
#4 E:\XAMP\htdocs\yii_apps\dziennik_ucznia\yii\framework\web\CBaseController.php(126): require('E:\XAMP\htdocs\...')
#5 E:\XAMP\htdocs\yii_apps\dziennik_ucznia\yii\framework\web\CBaseController.php(95): CBaseController->renderInternal('E:\XAMP\htdocs\...', Array, true)
#6 E:\XAMP\htdocs\yii_apps\dziennik_ucznia\yii\framework\web\CController.php(869): CBaseController->renderFile('E:\XAMP\htdocs\...', Array, true)
#7 E:\XAMP\htdocs\yii_apps\dziennik_ucznia\yii\framework\web\CController.php(782): CController->renderPartial('login', Array, true)
#8 E:\XAMP\htdocs\yii_apps\dziennik_ucznia\page\protected\controllers\SiteController.php(122): CController->render('login', Array)
#9 E:\XAMP\htdocs\yii_apps\dziennik_ucznia\yii\framework\web\actions\CInlineAction.php(49): SiteController->actionLogin()
#10 E:\XAMP\htdocs\yii_apps\dziennik_ucznia\yii\framework\web\CController.php(308): CInlineAction->runWithParams(Array)
#11 E:\XAMP\htdocs\yii_apps\dziennik_ucznia\yii\framework\web\CController.php(286): CController->runAction(Object(CInlineAction))
#12 E:\XAMP\htdocs\yii_apps\dziennik_ucznia\yii\framework\web\CController.php(265): CController->runActionWithFilters(Object(CInlineAction), Array)
#13 E:\XAMP\htdocs\yii_apps\dziennik_ucznia\yii\framework\web\CWebApplication.php(282): CController->run('login')
#14 E:\XAMP\htdocs\yii_apps\dziennik_ucznia\yii\framework\web\CWebApplication.php(141): CWebApplication->runController('site/login')
#15 E:\XAMP\htdocs\yii_apps\dziennik_ucznia\yii\framework\base\CApplication.php(180): CWebApplication->processRequest()
#16 E:\XAMP\htdocs\yii_apps\dziennik_ucznia\page\index.php(13): CApplication->run()
#17 {main}
REQUEST_URI=/yii_apps/dziennik_ucznia/page/index.php?r=site/login
HTTP_REFERER=http://localhost/yii_apps/dziennik_ucznia/page/index.php?r=site/contact
---
2014/06/08 09:41:58 [error] [exception.CException] exception 'CException' with message 'Property "CActiveForm.visible" is not defined.' in E:\XAMP\htdocs\yii_apps\dziennik_ucznia\yii\framework\base\CComponent.php:173
Stack trace:
#0 E:\XAMP\htdocs\yii_apps\dziennik_ucznia\yii\framework\web\CWidgetFactory.php(161): CComponent->__set('visible', true)
#1 E:\XAMP\htdocs\yii_apps\dziennik_ucznia\yii\framework\web\CBaseController.php(146): CWidgetFactory->createWidget(Object(SiteController), 'CActiveForm', Array)
#2 E:\XAMP\htdocs\yii_apps\dziennik_ucznia\yii\framework\web\CBaseController.php(189): CBaseController->createWidget('CActiveForm', Array)
#3 E:\XAMP\htdocs\yii_apps\dziennik_ucznia\page\protected\views\site\login.php(28): CBaseController->beginWidget('CActiveForm', Array)
#4 E:\XAMP\htdocs\yii_apps\dziennik_ucznia\yii\framework\web\CBaseController.php(126): require('E:\XAMP\htdocs\...')
#5 E:\XAMP\htdocs\yii_apps\dziennik_ucznia\yii\framework\web\CBaseController.php(95): CBaseController->renderInternal('E:\XAMP\htdocs\...', Array, true)
#6 E:\XAMP\htdocs\yii_apps\dziennik_ucznia\yii\framework\web\CController.php(869): CBaseController->renderFile('E:\XAMP\htdocs\...', Array, true)
#7 E:\XAMP\htdocs\yii_apps\dziennik_ucznia\yii\framework\web\CController.php(782): CController->renderPartial('login', Array, true)
#8 E:\XAMP\htdocs\yii_apps\dziennik_ucznia\page\protected\controllers\SiteController.php(122): CController->render('login', Array)
#9 E:\XAMP\htdocs\yii_apps\dziennik_ucznia\yii\framework\web\actions\CInlineAction.php(49): SiteController->actionLogin()
#10 E:\XAMP\htdocs\yii_apps\dziennik_ucznia\yii\framework\web\CController.php(308): CInlineAction->runWithParams(Array)
#11 E:\XAMP\htdocs\yii_apps\dziennik_ucznia\yii\framework\web\CController.php(286): CController->runAction(Object(CInlineAction))
#12 E:\XAMP\htdocs\yii_apps\dziennik_ucznia\yii\framework\web\CController.php(265): CController->runActionWithFilters(Object(CInlineAction), Array)
#13 E:\XAMP\htdocs\yii_apps\dziennik_ucznia\yii\framework\web\CWebApplication.php(282): CController->run('login')
#14 E:\XAMP\htdocs\yii_apps\dziennik_ucznia\yii\framework\web\CWebApplication.php(141): CWebApplication->runController('site/login')
#15 E:\XAMP\htdocs\yii_apps\dziennik_ucznia\yii\framework\base\CApplication.php(180): CWebApplication->processRequest()
#16 E:\XAMP\htdocs\yii_apps\dziennik_ucznia\page\index.php(13): CApplication->run()
#17 {main}
REQUEST_URI=/yii_apps/dziennik_ucznia/page/index.php?r=site/login
HTTP_REFERER=http://localhost/yii_apps/dziennik_ucznia/page/index.php?r=site/contact
---
2014/06/08 10:27:19 [error] [exception.CDbException] exception 'CDbException' with message 'CDbConnection failed to open the DB connection: SQLSTATE[HY000] [1045] Access denied for user 'root'@'localhost' (using password: NO)' in E:\XAMP\htdocs\yii_apps\dziennik_ucznia\yii\framework\db\CDbConnection.php:382
Stack trace:
#0 E:\XAMP\htdocs\yii_apps\dziennik_ucznia\yii\framework\db\CDbConnection.php(330): CDbConnection->open()
#1 E:\XAMP\htdocs\yii_apps\dziennik_ucznia\yii\framework\db\CDbConnection.php(308): CDbConnection->setActive(true)
#2 E:\XAMP\htdocs\yii_apps\dziennik_ucznia\yii\framework\base\CModule.php(387): CDbConnection->init()
#3 E:\XAMP\htdocs\yii_apps\dziennik_ucznia\yii\framework\base\CModule.php(103): CModule->getComponent('db')
#4 E:\XAMP\htdocs\yii_apps\dziennik_ucznia\yii\framework\gii\generators\model\ModelCode.php(60): CModule->__get('db')
#5 E:\XAMP\htdocs\yii_apps\dziennik_ucznia\yii\framework\web\CFormModel.php(39): ModelCode->init()
#6 E:\XAMP\htdocs\yii_apps\dziennik_ucznia\yii\framework\gii\CCodeGenerator.php(153): CFormModel->__construct()
#7 E:\XAMP\htdocs\yii_apps\dziennik_ucznia\yii\framework\gii\CCodeGenerator.php(63): CCodeGenerator->prepare()
#8 E:\XAMP\htdocs\yii_apps\dziennik_ucznia\yii\framework\web\actions\CInlineAction.php(49): CCodeGenerator->actionIndex()
#9 E:\XAMP\htdocs\yii_apps\dziennik_ucznia\yii\framework\web\CController.php(308): CInlineAction->runWithParams(Array)
#10 E:\XAMP\htdocs\yii_apps\dziennik_ucznia\yii\framework\web\CController.php(286): CController->runAction(Object(CInlineAction))
#11 E:\XAMP\htdocs\yii_apps\dziennik_ucznia\yii\framework\web\CController.php(265): CController->runActionWithFilters(Object(CInlineAction), Array)
#12 E:\XAMP\htdocs\yii_apps\dziennik_ucznia\yii\framework\web\CWebApplication.php(282): CController->run('index')
#13 E:\XAMP\htdocs\yii_apps\dziennik_ucznia\yii\framework\web\CWebApplication.php(141): CWebApplication->runController('gii/model/index')
#14 E:\XAMP\htdocs\yii_apps\dziennik_ucznia\yii\framework\base\CApplication.php(180): CWebApplication->processRequest()
#15 E:\XAMP\htdocs\yii_apps\dziennik_ucznia\page\index.php(13): CApplication->run()
#16 {main}
REQUEST_URI=/yii_apps/dziennik_ucznia/page/index.php?r=gii/model/index
HTTP_REFERER=http://localhost/yii_apps/dziennik_ucznia/page/index.php?r=gii/default/index
---
2014/06/08 10:27:33 [error] [exception.CDbException] exception 'CDbException' with message 'CDbConnection failed to open the DB connection: SQLSTATE[HY000] [1045] Access denied for user 'root'@'localhost' (using password: NO)' in E:\XAMP\htdocs\yii_apps\dziennik_ucznia\yii\framework\db\CDbConnection.php:382
Stack trace:
#0 E:\XAMP\htdocs\yii_apps\dziennik_ucznia\yii\framework\db\CDbConnection.php(330): CDbConnection->open()
#1 E:\XAMP\htdocs\yii_apps\dziennik_ucznia\yii\framework\db\CDbConnection.php(308): CDbConnection->setActive(true)
#2 E:\XAMP\htdocs\yii_apps\dziennik_ucznia\yii\framework\base\CModule.php(387): CDbConnection->init()
#3 E:\XAMP\htdocs\yii_apps\dziennik_ucznia\yii\framework\base\CModule.php(103): CModule->getComponent('db')
#4 E:\XAMP\htdocs\yii_apps\dziennik_ucznia\yii\framework\gii\generators\model\ModelCode.php(60): CModule->__get('db')
#5 E:\XAMP\htdocs\yii_apps\dziennik_ucznia\yii\framework\web\CFormModel.php(39): ModelCode->init()
#6 E:\XAMP\htdocs\yii_apps\dziennik_ucznia\yii\framework\gii\CCodeGenerator.php(153): CFormModel->__construct()
#7 E:\XAMP\htdocs\yii_apps\dziennik_ucznia\yii\framework\gii\CCodeGenerator.php(63): CCodeGenerator->prepare()
#8 E:\XAMP\htdocs\yii_apps\dziennik_ucznia\yii\framework\web\actions\CInlineAction.php(49): CCodeGenerator->actionIndex()
#9 E:\XAMP\htdocs\yii_apps\dziennik_ucznia\yii\framework\web\CController.php(308): CInlineAction->runWithParams(Array)
#10 E:\XAMP\htdocs\yii_apps\dziennik_ucznia\yii\framework\web\CController.php(286): CController->runAction(Object(CInlineAction))
#11 E:\XAMP\htdocs\yii_apps\dziennik_ucznia\yii\framework\web\CController.php(265): CController->runActionWithFilters(Object(CInlineAction), Array)
#12 E:\XAMP\htdocs\yii_apps\dziennik_ucznia\yii\framework\web\CWebApplication.php(282): CController->run('index')
#13 E:\XAMP\htdocs\yii_apps\dziennik_ucznia\yii\framework\web\CWebApplication.php(141): CWebApplication->runController('gii/model/index')
#14 E:\XAMP\htdocs\yii_apps\dziennik_ucznia\yii\framework\base\CApplication.php(180): CWebApplication->processRequest()
#15 E:\XAMP\htdocs\yii_apps\dziennik_ucznia\page\index.php(13): CApplication->run()
#16 {main}
REQUEST_URI=/yii_apps/dziennik_ucznia/page/index.php?r=gii/model/index
HTTP_REFERER=http://localhost/yii_apps/dziennik_ucznia/page/index.php?r=gii/default/index
---
2014/06/08 10:27:45 [error] [exception.CDbException] exception 'CDbException' with message 'CDbConnection failed to open the DB connection: SQLSTATE[HY000] [1045] Access denied for user 'root'@'localhost' (using password: NO)' in E:\XAMP\htdocs\yii_apps\dziennik_ucznia\yii\framework\db\CDbConnection.php:382
Stack trace:
#0 E:\XAMP\htdocs\yii_apps\dziennik_ucznia\yii\framework\db\CDbConnection.php(330): CDbConnection->open()
#1 E:\XAMP\htdocs\yii_apps\dziennik_ucznia\yii\framework\db\CDbConnection.php(308): CDbConnection->setActive(true)
#2 E:\XAMP\htdocs\yii_apps\dziennik_ucznia\yii\framework\base\CModule.php(387): CDbConnection->init()
#3 E:\XAMP\htdocs\yii_apps\dziennik_ucznia\yii\framework\base\CModule.php(103): CModule->getComponent('db')
#4 E:\XAMP\htdocs\yii_apps\dziennik_ucznia\yii\framework\gii\generators\model\ModelCode.php(60): CModule->__get('db')
#5 E:\XAMP\htdocs\yii_apps\dziennik_ucznia\yii\framework\web\CFormModel.php(39): ModelCode->init()
#6 E:\XAMP\htdocs\yii_apps\dziennik_ucznia\yii\framework\gii\CCodeGenerator.php(153): CFormModel->__construct()
#7 E:\XAMP\htdocs\yii_apps\dziennik_ucznia\yii\framework\gii\CCodeGenerator.php(63): CCodeGenerator->prepare()
#8 E:\XAMP\htdocs\yii_apps\dziennik_ucznia\yii\framework\web\actions\CInlineAction.php(49): CCodeGenerator->actionIndex()
#9 E:\XAMP\htdocs\yii_apps\dziennik_ucznia\yii\framework\web\CController.php(308): CInlineAction->runWithParams(Array)
#10 E:\XAMP\htdocs\yii_apps\dziennik_ucznia\yii\framework\web\CController.php(286): CController->runAction(Object(CInlineAction))
#11 E:\XAMP\htdocs\yii_apps\dziennik_ucznia\yii\framework\web\CController.php(265): CController->runActionWithFilters(Object(CInlineAction), Array)
#12 E:\XAMP\htdocs\yii_apps\dziennik_ucznia\yii\framework\web\CWebApplication.php(282): CController->run('index')
#13 E:\XAMP\htdocs\yii_apps\dziennik_ucznia\yii\framework\web\CWebApplication.php(141): CWebApplication->runController('gii/model/index')
#14 E:\XAMP\htdocs\yii_apps\dziennik_ucznia\yii\framework\base\CApplication.php(180): CWebApplication->processRequest()
#15 E:\XAMP\htdocs\yii_apps\dziennik_ucznia\page\index.php(13): CApplication->run()
#16 {main}
REQUEST_URI=/yii_apps/dziennik_ucznia/page/index.php?r=gii/model/index
HTTP_REFERER=http://localhost/yii_apps/dziennik_ucznia/page/index.php?r=gii
---
2014/06/08 10:32:50 [error] [exception.CException] exception 'CException' with message 'Property "User.title" is not defined.' in E:\XAMP\htdocs\yii_apps\dziennik_ucznia\yii\framework\base\CComponent.php:130
Stack trace:
#0 E:\XAMP\htdocs\yii_apps\dziennik_ucznia\yii\framework\db\ar\CActiveRecord.php(145): CComponent->__get('title')
#1 E:\XAMP\htdocs\yii_apps\dziennik_ucznia\page\protected\components\UserIdentity.php(43): CActiveRecord->__get('title')
#2 E:\XAMP\htdocs\yii_apps\dziennik_ucznia\page\protected\models\LoginForm.php(52): UserIdentity->authenticate()
#3 E:\XAMP\htdocs\yii_apps\dziennik_ucznia\yii\framework\validators\CInlineValidator.php(42): LoginForm->authenticate('password', Array)
#4 E:\XAMP\htdocs\yii_apps\dziennik_ucznia\yii\framework\validators\CValidator.php(213): CInlineValidator->validateAttribute(Object(LoginForm), 'password')
#5 E:\XAMP\htdocs\yii_apps\dziennik_ucznia\yii\framework\base\CModel.php(159): CValidator->validate(Object(LoginForm), NULL)
#6 E:\XAMP\htdocs\yii_apps\dziennik_ucznia\page\protected\controllers\SiteController.php(112): CModel->validate()
#7 E:\XAMP\htdocs\yii_apps\dziennik_ucznia\yii\framework\web\actions\CInlineAction.php(49): SiteController->actionLogin()
#8 E:\XAMP\htdocs\yii_apps\dziennik_ucznia\yii\framework\web\CController.php(308): CInlineAction->runWithParams(Array)
#9 E:\XAMP\htdocs\yii_apps\dziennik_ucznia\yii\framework\web\CController.php(286): CController->runAction(Object(CInlineAction))
#10 E:\XAMP\htdocs\yii_apps\dziennik_ucznia\yii\framework\web\CController.php(265): CController->runActionWithFilters(Object(CInlineAction), Array)
#11 E:\XAMP\htdocs\yii_apps\dziennik_ucznia\yii\framework\web\CWebApplication.php(282): CController->run('login')
#12 E:\XAMP\htdocs\yii_apps\dziennik_ucznia\yii\framework\web\CWebApplication.php(141): CWebApplication->runController('site/login')
#13 E:\XAMP\htdocs\yii_apps\dziennik_ucznia\yii\framework\base\CApplication.php(180): CWebApplication->processRequest()
#14 E:\XAMP\htdocs\yii_apps\dziennik_ucznia\page\index.php(13): CApplication->run()
#15 {main}
REQUEST_URI=/yii_apps/dziennik_ucznia/page/index.php?r=site/login
HTTP_REFERER=http://localhost/yii_apps/dziennik_ucznia/page/index.php?r=site/login
---
2014/06/08 10:54:32 [error] [exception.CException] exception 'CException' with message 'Property "CWebUser.username" is not defined.' in E:\XAMP\htdocs\yii_apps\dziennik_ucznia\yii\framework\base\CComponent.php:130
Stack trace:
#0 E:\XAMP\htdocs\yii_apps\dziennik_ucznia\yii\framework\web\auth\CWebUser.php(146): CComponent->__get('username')
#1 E:\XAMP\htdocs\yii_apps\dziennik_ucznia\page\protected\views\layouts\main.php(39): CWebUser->__get('username')
#2 E:\XAMP\htdocs\yii_apps\dziennik_ucznia\yii\framework\web\CBaseController.php(126): require('E:\XAMP\htdocs\...')
#3 E:\XAMP\htdocs\yii_apps\dziennik_ucznia\yii\framework\web\CBaseController.php(95): CBaseController->renderInternal('E:\XAMP\htdocs\...', Array, true)
#4 E:\XAMP\htdocs\yii_apps\dziennik_ucznia\yii\framework\web\widgets\CContentDecorator.php(76): CBaseController->renderFile('E:\XAMP\htdocs\...', Array, true)
#5 E:\XAMP\htdocs\yii_apps\dziennik_ucznia\yii\framework\web\widgets\CContentDecorator.php(54): CContentDecorator->decorate('<div id="conten...')
#6 E:\XAMP\htdocs\yii_apps\dziennik_ucznia\yii\framework\web\widgets\COutputProcessor.php(44): CContentDecorator->processOutput('<div id="conten...')
#7 E:\XAMP\htdocs\yii_apps\dziennik_ucznia\yii\framework\web\CBaseController.php(206): COutputProcessor->run()
#8 E:\XAMP\htdocs\yii_apps\dziennik_ucznia\yii\framework\web\CBaseController.php(300): CBaseController->endWidget('CContentDecorat...')
#9 E:\XAMP\htdocs\yii_apps\dziennik_ucznia\page\protected\views\layouts\column1.php(6): CBaseController->endContent()
#10 E:\XAMP\htdocs\yii_apps\dziennik_ucznia\yii\framework\web\CBaseController.php(126): require('E:\XAMP\htdocs\...')
#11 E:\XAMP\htdocs\yii_apps\dziennik_ucznia\yii\framework\web\CBaseController.php(95): CBaseController->renderInternal('E:\XAMP\htdocs\...', Array, true)
#12 E:\XAMP\htdocs\yii_apps\dziennik_ucznia\yii\framework\web\CController.php(784): CBaseController->renderFile('E:\XAMP\htdocs\...', Array, true)
#13 E:\XAMP\htdocs\yii_apps\dziennik_ucznia\page\protected\controllers\SiteController.php(49): CController->render('index')
#14 E:\XAMP\htdocs\yii_apps\dziennik_ucznia\yii\framework\web\actions\CInlineAction.php(49): SiteController->actionIndex()
#15 E:\XAMP\htdocs\yii_apps\dziennik_ucznia\yii\framework\web\CController.php(308): CInlineAction->runWithParams(Array)
#16 E:\XAMP\htdocs\yii_apps\dziennik_ucznia\yii\framework\web\CController.php(286): CController->runAction(Object(CInlineAction))
#17 E:\XAMP\htdocs\yii_apps\dziennik_ucznia\yii\framework\web\CController.php(265): CController->runActionWithFilters(Object(CInlineAction), Array)
#18 E:\XAMP\htdocs\yii_apps\dziennik_ucznia\yii\framework\web\CWebApplication.php(282): CController->run('')
#19 E:\XAMP\htdocs\yii_apps\dziennik_ucznia\yii\framework\web\CWebApplication.php(141): CWebApplication->runController('')
#20 E:\XAMP\htdocs\yii_apps\dziennik_ucznia\yii\framework\base\CApplication.php(180): CWebApplication->processRequest()
#21 E:\XAMP\htdocs\yii_apps\dziennik_ucznia\page\index.php(13): CApplication->run()
#22 {main}
REQUEST_URI=/yii_apps/dziennik_ucznia/page/index.php
HTTP_REFERER=http://localhost/yii_apps/dziennik_ucznia/page/index.php?r=user/index
---
2014/06/08 10:56:13 [error] [exception.CException] exception 'CException' with message 'Property "CWebUser.username" is not defined.' in E:\XAMP\htdocs\yii_apps\dziennik_ucznia\yii\framework\base\CComponent.php:130
Stack trace:
#0 E:\XAMP\htdocs\yii_apps\dziennik_ucznia\yii\framework\web\auth\CWebUser.php(146): CComponent->__get('username')
#1 E:\XAMP\htdocs\yii_apps\dziennik_ucznia\page\protected\views\layouts\main.php(39): CWebUser->__get('username')
#2 E:\XAMP\htdocs\yii_apps\dziennik_ucznia\yii\framework\web\CBaseController.php(126): require('E:\XAMP\htdocs\...')
#3 E:\XAMP\htdocs\yii_apps\dziennik_ucznia\yii\framework\web\CBaseController.php(95): CBaseController->renderInternal('E:\XAMP\htdocs\...', Array, true)
#4 E:\XAMP\htdocs\yii_apps\dziennik_ucznia\yii\framework\web\widgets\CContentDecorator.php(76): CBaseController->renderFile('E:\XAMP\htdocs\...', Array, true)
#5 E:\XAMP\htdocs\yii_apps\dziennik_ucznia\yii\framework\web\widgets\CContentDecorator.php(54): CContentDecorator->decorate('<div id="conten...')
#6 E:\XAMP\htdocs\yii_apps\dziennik_ucznia\yii\framework\web\widgets\COutputProcessor.php(44): CContentDecorator->processOutput('<div id="conten...')
#7 E:\XAMP\htdocs\yii_apps\dziennik_ucznia\yii\framework\web\CBaseController.php(206): COutputProcessor->run()
#8 E:\XAMP\htdocs\yii_apps\dziennik_ucznia\yii\framework\web\CBaseController.php(300): CBaseController->endWidget('CContentDecorat...')
#9 E:\XAMP\htdocs\yii_apps\dziennik_ucznia\page\protected\views\layouts\column1.php(6): CBaseController->endContent()
#10 E:\XAMP\htdocs\yii_apps\dziennik_ucznia\yii\framework\web\CBaseController.php(126): require('E:\XAMP\htdocs\...')
#11 E:\XAMP\htdocs\yii_apps\dziennik_ucznia\yii\framework\web\CBaseController.php(95): CBaseController->renderInternal('E:\XAMP\htdocs\...', Array, true)
#12 E:\XAMP\htdocs\yii_apps\dziennik_ucznia\yii\framework\web\CController.php(784): CBaseController->renderFile('E:\XAMP\htdocs\...', Array, true)
#13 E:\XAMP\htdocs\yii_apps\dziennik_ucznia\page\protected\controllers\SiteController.php(49): CController->render('index')
#14 E:\XAMP\htdocs\yii_apps\dziennik_ucznia\yii\framework\web\actions\CInlineAction.php(49): SiteController->actionIndex()
#15 E:\XAMP\htdocs\yii_apps\dziennik_ucznia\yii\framework\web\CController.php(308): CInlineAction->runWithParams(Array)
#16 E:\XAMP\htdocs\yii_apps\dziennik_ucznia\yii\framework\web\CController.php(286): CController->runAction(Object(CInlineAction))
#17 E:\XAMP\htdocs\yii_apps\dziennik_ucznia\yii\framework\web\CController.php(265): CController->runActionWithFilters(Object(CInlineAction), Array)
#18 E:\XAMP\htdocs\yii_apps\dziennik_ucznia\yii\framework\web\CWebApplication.php(282): CController->run('')
#19 E:\XAMP\htdocs\yii_apps\dziennik_ucznia\yii\framework\web\CWebApplication.php(141): CWebApplication->runController('')
#20 E:\XAMP\htdocs\yii_apps\dziennik_ucznia\yii\framework\base\CApplication.php(180): CWebApplication->processRequest()
#21 E:\XAMP\htdocs\yii_apps\dziennik_ucznia\page\index.php(13): CApplication->run()
#22 {main}
REQUEST_URI=/yii_apps/dziennik_ucznia/page/index.php
HTTP_REFERER=http://localhost/yii_apps/dziennik_ucznia/page/index.php?r=user/index
---
2014/06/08 10:57:08 [error] [exception.CException] exception 'CException' with message 'Property "CWebUser.username" is not defined.' in E:\XAMP\htdocs\yii_apps\dziennik_ucznia\yii\framework\base\CComponent.php:130
Stack trace:
#0 E:\XAMP\htdocs\yii_apps\dziennik_ucznia\yii\framework\web\auth\CWebUser.php(146): CComponent->__get('username')
#1 E:\XAMP\htdocs\yii_apps\dziennik_ucznia\page\protected\views\layouts\main.php(39): CWebUser->__get('username')
#2 E:\XAMP\htdocs\yii_apps\dziennik_ucznia\yii\framework\web\CBaseController.php(126): require('E:\XAMP\htdocs\...')
#3 E:\XAMP\htdocs\yii_apps\dziennik_ucznia\yii\framework\web\CBaseController.php(95): CBaseController->renderInternal('E:\XAMP\htdocs\...', Array, true)
#4 E:\XAMP\htdocs\yii_apps\dziennik_ucznia\yii\framework\web\widgets\CContentDecorator.php(76): CBaseController->renderFile('E:\XAMP\htdocs\...', Array, true)
#5 E:\XAMP\htdocs\yii_apps\dziennik_ucznia\yii\framework\web\widgets\CContentDecorator.php(54): CContentDecorator->decorate('<div id="conten...')
#6 E:\XAMP\htdocs\yii_apps\dziennik_ucznia\yii\framework\web\widgets\COutputProcessor.php(44): CContentDecorator->processOutput('<div id="conten...')
#7 E:\XAMP\htdocs\yii_apps\dziennik_ucznia\yii\framework\web\CBaseController.php(206): COutputProcessor->run()
#8 E:\XAMP\htdocs\yii_apps\dziennik_ucznia\yii\framework\web\CBaseController.php(300): CBaseController->endWidget('CContentDecorat...')
#9 E:\XAMP\htdocs\yii_apps\dziennik_ucznia\page\protected\views\layouts\column1.php(6): CBaseController->endContent()
#10 E:\XAMP\htdocs\yii_apps\dziennik_ucznia\yii\framework\web\CBaseController.php(126): require('E:\XAMP\htdocs\...')
#11 E:\XAMP\htdocs\yii_apps\dziennik_ucznia\yii\framework\web\CBaseController.php(95): CBaseController->renderInternal('E:\XAMP\htdocs\...', Array, true)
#12 E:\XAMP\htdocs\yii_apps\dziennik_ucznia\yii\framework\web\CController.php(784): CBaseController->renderFile('E:\XAMP\htdocs\...', Array, true)
#13 E:\XAMP\htdocs\yii_apps\dziennik_ucznia\page\protected\controllers\SiteController.php(49): CController->render('index')
#14 E:\XAMP\htdocs\yii_apps\dziennik_ucznia\yii\framework\web\actions\CInlineAction.php(49): SiteController->actionIndex()
#15 E:\XAMP\htdocs\yii_apps\dziennik_ucznia\yii\framework\web\CController.php(308): CInlineAction->runWithParams(Array)
#16 E:\XAMP\htdocs\yii_apps\dziennik_ucznia\yii\framework\web\CController.php(286): CController->runAction(Object(CInlineAction))
#17 E:\XAMP\htdocs\yii_apps\dziennik_ucznia\yii\framework\web\CController.php(265): CController->runActionWithFilters(Object(CInlineAction), Array)
#18 E:\XAMP\htdocs\yii_apps\dziennik_ucznia\yii\framework\web\CWebApplication.php(282): CController->run('')
#19 E:\XAMP\htdocs\yii_apps\dziennik_ucznia\yii\framework\web\CWebApplication.php(141): CWebApplication->runController('')
#20 E:\XAMP\htdocs\yii_apps\dziennik_ucznia\yii\framework\base\CApplication.php(180): CWebApplication->processRequest()
#21 E:\XAMP\htdocs\yii_apps\dziennik_ucznia\page\index.php(13): CApplication->run()
#22 {main}
REQUEST_URI=/yii_apps/dziennik_ucznia/page/index.php
---
2014/06/08 10:59:41 [error] [exception.CException] exception 'CException' with message 'Property "CWebUser.username" is not defined.' in E:\XAMP\htdocs\yii_apps\dziennik_ucznia\yii\framework\base\CComponent.php:130
Stack trace:
#0 E:\XAMP\htdocs\yii_apps\dziennik_ucznia\yii\framework\web\auth\CWebUser.php(146): CComponent->__get('username')
#1 E:\XAMP\htdocs\yii_apps\dziennik_ucznia\page\protected\views\layouts\main.php(39): CWebUser->__get('username')
#2 E:\XAMP\htdocs\yii_apps\dziennik_ucznia\yii\framework\web\CBaseController.php(126): require('E:\XAMP\htdocs\...')
#3 E:\XAMP\htdocs\yii_apps\dziennik_ucznia\yii\framework\web\CBaseController.php(95): CBaseController->renderInternal('E:\XAMP\htdocs\...', Array, true)
#4 E:\XAMP\htdocs\yii_apps\dziennik_ucznia\yii\framework\web\widgets\CContentDecorator.php(76): CBaseController->renderFile('E:\XAMP\htdocs\...', Array, true)
#5 E:\XAMP\htdocs\yii_apps\dziennik_ucznia\yii\framework\web\widgets\CContentDecorator.php(54): CContentDecorator->decorate('<div id="conten...')
#6 E:\XAMP\htdocs\yii_apps\dziennik_ucznia\yii\framework\web\widgets\COutputProcessor.php(44): CContentDecorator->processOutput('<div id="conten...')
#7 E:\XAMP\htdocs\yii_apps\dziennik_ucznia\yii\framework\web\CBaseController.php(206): COutputProcessor->run()
#8 E:\XAMP\htdocs\yii_apps\dziennik_ucznia\yii\framework\web\CBaseController.php(300): CBaseController->endWidget('CContentDecorat...')
#9 E:\XAMP\htdocs\yii_apps\dziennik_ucznia\page\protected\views\layouts\column1.php(6): CBaseController->endContent()
#10 E:\XAMP\htdocs\yii_apps\dziennik_ucznia\yii\framework\web\CBaseController.php(126): require('E:\XAMP\htdocs\...')
#11 E:\XAMP\htdocs\yii_apps\dziennik_ucznia\yii\framework\web\CBaseController.php(95): CBaseController->renderInternal('E:\XAMP\htdocs\...', Array, true)
#12 E:\XAMP\htdocs\yii_apps\dziennik_ucznia\yii\framework\web\CController.php(784): CBaseController->renderFile('E:\XAMP\htdocs\...', Array, true)
#13 E:\XAMP\htdocs\yii_apps\dziennik_ucznia\page\protected\controllers\SiteController.php(49): CController->render('index')
#14 E:\XAMP\htdocs\yii_apps\dziennik_ucznia\yii\framework\web\actions\CInlineAction.php(49): SiteController->actionIndex()
#15 E:\XAMP\htdocs\yii_apps\dziennik_ucznia\yii\framework\web\CController.php(308): CInlineAction->runWithParams(Array)
#16 E:\XAMP\htdocs\yii_apps\dziennik_ucznia\yii\framework\web\CController.php(286): CController->runAction(Object(CInlineAction))
#17 E:\XAMP\htdocs\yii_apps\dziennik_ucznia\yii\framework\web\CController.php(265): CController->runActionWithFilters(Object(CInlineAction), Array)
#18 E:\XAMP\htdocs\yii_apps\dziennik_ucznia\yii\framework\web\CWebApplication.php(282): CController->run('')
#19 E:\XAMP\htdocs\yii_apps\dziennik_ucznia\yii\framework\web\CWebApplication.php(141): CWebApplication->runController('')
#20 E:\XAMP\htdocs\yii_apps\dziennik_ucznia\yii\framework\base\CApplication.php(180): CWebApplication->processRequest()
#21 E:\XAMP\htdocs\yii_apps\dziennik_ucznia\page\index.php(13): CApplication->run()
#22 {main}
REQUEST_URI=/yii_apps/dziennik_ucznia/page/index.php
---
2014/06/08 11:00:25 [error] [exception.CException] exception 'CException' with message 'Property "CWebUser.username" is not defined.' in E:\XAMP\htdocs\yii_apps\dziennik_ucznia\yii\framework\base\CComponent.php:130
Stack trace:
#0 E:\XAMP\htdocs\yii_apps\dziennik_ucznia\yii\framework\web\auth\CWebUser.php(146): CComponent->__get('username')
#1 E:\XAMP\htdocs\yii_apps\dziennik_ucznia\page\protected\views\layouts\main.php(39): CWebUser->__get('username')
#2 E:\XAMP\htdocs\yii_apps\dziennik_ucznia\yii\framework\web\CBaseController.php(126): require('E:\XAMP\htdocs\...')
#3 E:\XAMP\htdocs\yii_apps\dziennik_ucznia\yii\framework\web\CBaseController.php(95): CBaseController->renderInternal('E:\XAMP\htdocs\...', Array, true)
#4 E:\XAMP\htdocs\yii_apps\dziennik_ucznia\yii\framework\web\widgets\CContentDecorator.php(76): CBaseController->renderFile('E:\XAMP\htdocs\...', Array, true)
#5 E:\XAMP\htdocs\yii_apps\dziennik_ucznia\yii\framework\web\widgets\CContentDecorator.php(54): CContentDecorator->decorate('<div id="conten...')
#6 E:\XAMP\htdocs\yii_apps\dziennik_ucznia\yii\framework\web\widgets\COutputProcessor.php(44): CContentDecorator->processOutput('<div id="conten...')
#7 E:\XAMP\htdocs\yii_apps\dziennik_ucznia\yii\framework\web\CBaseController.php(206): COutputProcessor->run()
#8 E:\XAMP\htdocs\yii_apps\dziennik_ucznia\yii\framework\web\CBaseController.php(300): CBaseController->endWidget('CContentDecorat...')
#9 E:\XAMP\htdocs\yii_apps\dziennik_ucznia\page\protected\views\layouts\column1.php(6): CBaseController->endContent()
#10 E:\XAMP\htdocs\yii_apps\dziennik_ucznia\yii\framework\web\CBaseController.php(126): require('E:\XAMP\htdocs\...')
#11 E:\XAMP\htdocs\yii_apps\dziennik_ucznia\yii\framework\web\CBaseController.php(95): CBaseController->renderInternal('E:\XAMP\htdocs\...', Array, true)
#12 E:\XAMP\htdocs\yii_apps\dziennik_ucznia\yii\framework\web\CController.php(784): CBaseController->renderFile('E:\XAMP\htdocs\...', Array, true)
#13 E:\XAMP\htdocs\yii_apps\dziennik_ucznia\page\protected\controllers\SiteController.php(49): CController->render('index')
#14 E:\XAMP\htdocs\yii_apps\dziennik_ucznia\yii\framework\web\actions\CInlineAction.php(49): SiteController->actionIndex()
#15 E:\XAMP\htdocs\yii_apps\dziennik_ucznia\yii\framework\web\CController.php(308): CInlineAction->runWithParams(Array)
#16 E:\XAMP\htdocs\yii_apps\dziennik_ucznia\yii\framework\web\CController.php(286): CController->runAction(Object(CInlineAction))
#17 E:\XAMP\htdocs\yii_apps\dziennik_ucznia\yii\framework\web\CController.php(265): CController->runActionWithFilters(Object(CInlineAction), Array)
#18 E:\XAMP\htdocs\yii_apps\dziennik_ucznia\yii\framework\web\CWebApplication.php(282): CController->run('')
#19 E:\XAMP\htdocs\yii_apps\dziennik_ucznia\yii\framework\web\CWebApplication.php(141): CWebApplication->runController('')
#20 E:\XAMP\htdocs\yii_apps\dziennik_ucznia\yii\framework\base\CApplication.php(180): CWebApplication->processRequest()
#21 E:\XAMP\htdocs\yii_apps\dziennik_ucznia\page\index.php(13): CApplication->run()
#22 {main}
REQUEST_URI=/yii_apps/dziennik_ucznia/page/index.php
---
